[2026-02-25T16:45:00-03:00] CRON START
[2026-02-25T16:45:00-03:00] Horario: 16:45 BRT (Quarta-feira)
[2026-02-25T16:45:00-03:00] Slot: 14:30-17:30 → news-synthesis (fallback de pre-match)
[2026-02-25T16:45:01-03:00] Inventario: 3 artigos hoje
  - botafogo-x-nacional-potosi-libertadores-2026-pre-jogo.mdx (patricia-mendes)
  - griezmann-negocia-orlando-city-atletico-madrid-mls-2026.mdx (marcos-vinicius)
  - palmeiras-x-fluminense-brasileirao-2026-rodada-4.mdx (patricia-mendes)
[2026-02-25T16:45:01-03:00] Contagem por autor hoje:
  - patricia-mendes: 2 artigos (limite atingido)
  - marcos-vinicius: 1 artigo
  - renato-caldeira: 0 artigos
  - dona-cleia: 0 artigos
  - thiago-borges: 0 artigos
[2026-02-25T16:45:02-03:00] Search: "futebol brasileiro noticias hoje 25 fevereiro 2026"
[2026-02-25T16:45:05-03:00] Search: "Flamengo noticias hoje 25 fevereiro 2026"
[2026-02-25T16:45:08-03:00] Pautas encontradas: 8
[2026-02-25T16:45:08-03:00] Dedup check: 0 rejeitadas (tema novo)
[2026-02-25T16:45:08-03:00] Pauta selecionada: "Flamengo x Lanús - Final da Recopa Sul-Americana"
[2026-02-25T16:45:08-03:00] Tipo: news-synthesis
[2026-02-25T16:45:08-03:00] Autor: renato-caldeira
[2026-02-25T16:45:45-03:00] Artigo gerado: 742 palavras, 4 fontes
[2026-02-25T16:45:46-03:00] Checklist: PASS (0 errors, 0 warnings)
[2026-02-25T16:45:47-03:00] Salvo: content/articles/flamengo-lanus-final-recopa-sul-americana-2026-volta.mdx
[2026-02-25T16:45:50-03:00] Commit: content(news): Flamengo x Lanús - tudo sobre a final da Recopa Sul-Americana
[2026-02-25T16:45:52-03:00] Push: OK (rebased)
[2026-02-25T16:45:52-03:00] CRON END (52s)

{
  "slug": "flamengo-lanus-final-recopa-sul-americana-2026-volta",
  "type": "news-synthesis",
  "author": "renato-caldeira",
  "category": "futebol-internacional",
  "publishedAt": "2026-02-25T16:45:00-03:00",
  "wordCount": 742,
  "sourcesUsed": 4,
  "keywords": ["flamengo", "lanus", "recopa", "sul-americana"],
  "generationTimeMs": 52000,
  "teams": ["flamengo", "lanus"]
}
